2022-10-31 23:18:10.406  INFO [statistic-service,,] 38608 --- [main] c.v.s.StatisticServiceApplication        : Starting StatisticServiceApplication using Java 1.8.0_333 on Quanzip.local with PID 38608 (/Users/phamhongquan/IdeaProjects/Micro service app 2/statistic-service/target/classes started by phamhongquan in /Users/phamhongquan/IdeaProjects/Micro service app 2/statistic-service)
2022-10-31 23:18:10.409  INFO [statistic-service,,] 38608 --- [main] c.v.s.StatisticServiceApplication        : No active profile set, falling back to default profiles: default
2022-10-31 23:18:10.428  INFO [statistic-service,,] 38608 --- [main] o.s.b.context.config.ConfigDataLoader    : Fetching config from server at : http://172.20.10.4:9025
2022-10-31 23:18:10.428  INFO [statistic-service,,] 38608 --- [main] o.s.b.context.config.ConfigDataLoader    : Located environment: name=statistic-service, profiles=[default], label=null, version=null, state=null
2022-10-31 23:18:10.951  INFO [statistic-service,,] 38608 --- [main] .s.d.r.c.RepositoryConfigurationDelegate : Bootstrapping Spring Data JPA repositories in DEFAULT mode.
2022-10-31 23:18:10.973  INFO [statistic-service,,] 38608 --- [main] .s.d.r.c.RepositoryConfigurationDelegate : Finished Spring Data repository scanning in 19 ms. Found 1 JPA repository interfaces.
2022-10-31 23:18:11.176  INFO [statistic-service,,] 38608 --- [main] o.s.cloud.context.scope.GenericScope     : BeanFactory id=e11f1f8e-1876-3127-91ab-8c79666e3983
2022-10-31 23:18:11.355  INFO [statistic-service,,] 38608 --- [main] trationDelegate$BeanPostProcessorChecker : Bean 'oauthConfig' of type [com.viettel.statisticservice.security.OauthConfig$$EnhancerBySpringCGLIB$$928b3105] is not eligible for getting processed by all BeanPostProcessors (for example: not eligible for auto-proxying)
2022-10-31 23:18:11.533  INFO [statistic-service,,] 38608 --- [main] o.s.b.w.embedded.tomcat.TomcatWebServer  : Tomcat initialized with port(s): 9081 (http)
2022-10-31 23:18:11.538  INFO [statistic-service,,] 38608 --- [main] o.apache.catalina.core.StandardService   : Starting service [Tomcat]
2022-10-31 23:18:11.538  INFO [statistic-service,,] 38608 --- [main] org.apache.catalina.core.StandardEngine  : Starting Servlet engine: [Apache Tomcat/9.0.56]
2022-10-31 23:18:11.576  INFO [statistic-service,,] 38608 --- [main] o.a.c.c.C.[Tomcat].[localhost].[/]       : Initializing Spring embedded WebApplicationContext
2022-10-31 23:18:11.576  INFO [statistic-service,,] 38608 --- [main] w.s.c.ServletWebServerApplicationContext : Root WebApplicationContext: initialization completed in 1147 ms
2022-10-31 23:18:12.085  INFO [statistic-service,,] 38608 --- [main] o.hibernate.jpa.internal.util.LogHelper  : HHH000204: Processing PersistenceUnitInfo [name: default]
2022-10-31 23:18:12.103  INFO [statistic-service,,] 38608 --- [main] org.hibernate.Version                    : HHH000412: Hibernate ORM core version 5.6.4.Final
2022-10-31 23:18:12.153  INFO [statistic-service,,] 38608 --- [main] o.hibernate.annotations.common.Version   : HCANN000001: Hibernate Commons Annotations {5.1.2.Final}
2022-10-31 23:18:12.188  INFO [statistic-service,,] 38608 --- [main] com.zaxxer.hikari.HikariDataSource       : HikariPool-1 - Starting...
2022-10-31 23:19:10.462  INFO [statistic-service,,] 38608 --- [main] com.zaxxer.hikari.HikariDataSource       : HikariPool-1 - Start completed.
2022-10-31 23:19:10.469  INFO [statistic-service,,] 38608 --- [main] org.hibernate.dialect.Dialect            : HHH000400: Using dialect: org.hibernate.dialect.MySQL5InnoDBDialect
2022-10-31 23:19:10.754  INFO [statistic-service,,] 38608 --- [main] o.h.e.t.j.p.i.JtaPlatformInitiator       : HHH000490: Using JtaPlatform implementation: [org.hibernate.engine.transaction.jta.platform.internal.NoJtaPlatform]
2022-10-31 23:19:10.786  INFO [statistic-service,,] 38608 --- [main] j.LocalContainerEntityManagerFactoryBean : Initialized JPA EntityManagerFactory for persistence unit 'default'
2022-10-31 23:19:11.323  WARN [statistic-service,,] 38608 --- [main] JpaBaseConfiguration$JpaWebConfiguration : spring.jpa.open-in-view is enabled by default. Therefore, database queries may be performed during view rendering. Explicitly configure spring.jpa.open-in-view to disable this warning
2022-10-31 23:19:12.377  INFO [statistic-service,,] 38608 --- [main] .s.s.UserDetailsServiceAutoConfiguration : 

Using generated security password: a3108489-d2a7-4c73-b068-495bc711ff71

2022-10-31 23:19:12.489  INFO [statistic-service,,] 38608 --- [main] o.s.s.web.DefaultSecurityFilterChain     : Will secure any request with [org.springframework.security.web.context.request.async.WebAsyncManagerIntegrationFilter@1a1c308b, org.springframework.security.web.context.SecurityContextPersistenceFilter@6662974a, org.springframework.security.web.header.HeaderWriterFilter@4598961d, org.springframework.security.web.authentication.logout.LogoutFilter@3891db3a, org.springframework.security.oauth2.provider.authentication.OAuth2AuthenticationProcessingFilter@4f2b1a2f, org.springframework.security.web.savedrequest.RequestCacheAwareFilter@83bbab, org.springframework.security.web.servletapi.SecurityContextHolderAwareRequestFilter@45e68fac, org.springframework.security.web.authentication.AnonymousAuthenticationFilter@d4dbb34, org.springframework.security.web.session.SessionManagementFilter@5b01b3f8, org.springframework.security.web.access.ExceptionTranslationFilter@cef23a8, org.springframework.security.web.access.intercept.FilterSecurityInterceptor@1ced1d14]
2022-10-31 23:19:12.531  INFO [statistic-service,,] 38608 --- [main] DiscoveryClientOptionalArgsConfiguration : Eureka HTTP Client uses RestTemplate.
2022-10-31 23:19:12.656  WARN [statistic-service,,] 38608 --- [main] iguration$LoadBalancerCaffeineWarnLogger : Spring Cloud LoadBalancer is currently working with the default cache. While this cache implementation is useful for development and tests, it's recommended to use Caffeine cache in production.You can switch to using Caffeine cache, by adding it and org.springframework.cache.caffeine.CaffeineCacheManager to the classpath.
2022-10-31 23:19:12.708  INFO [statistic-service,,] 38608 --- [main] o.s.b.a.e.web.EndpointLinksResolver      : Exposing 18 endpoint(s) beneath base path '/actuator'
2022-10-31 23:19:12.782  INFO [statistic-service,,] 38608 --- [main] o.s.c.n.eureka.InstanceInfoFactory       : Setting initial instance status as: STARTING
2022-10-31 23:19:12.797  INFO [statistic-service,,] 38608 --- [main] com.netflix.discovery.DiscoveryClient    : Initializing Eureka in region us-east-1
2022-10-31 23:19:12.799  INFO [statistic-service,,] 38608 --- [main] c.n.d.s.r.aws.ConfigClusterResolver      : Resolving eureka endpoints via configuration
2022-10-31 23:19:12.808  INFO [statistic-service,,] 38608 --- [main] com.netflix.discovery.DiscoveryClient    : Disable delta property : false
2022-10-31 23:19:12.808  INFO [statistic-service,,] 38608 --- [main] com.netflix.discovery.DiscoveryClient    : Single vip registry refresh property : null
2022-10-31 23:19:12.809  INFO [statistic-service,,] 38608 --- [main] com.netflix.discovery.DiscoveryClient    : Force full registry fetch : false
2022-10-31 23:19:12.809  INFO [statistic-service,,] 38608 --- [main] com.netflix.discovery.DiscoveryClient    : Application is null : false
2022-10-31 23:19:12.809  INFO [statistic-service,,] 38608 --- [main] com.netflix.discovery.DiscoveryClient    : Registered Applications size is zero : true
2022-10-31 23:19:12.809  INFO [statistic-service,,] 38608 --- [main] com.netflix.discovery.DiscoveryClient    : Application version is -1: true
2022-10-31 23:19:12.809  INFO [statistic-service,,] 38608 --- [main] com.netflix.discovery.DiscoveryClient    : Getting all instance registry info from the eureka server
2022-10-31 23:19:12.938  INFO [statistic-service,,] 38608 --- [main] com.netflix.discovery.DiscoveryClient    : The response status is 200
2022-10-31 23:19:12.940  INFO [statistic-service,,] 38608 --- [main] com.netflix.discovery.DiscoveryClient    : Starting heartbeat executor: renew interval is: 30
2022-10-31 23:19:12.941  INFO [statistic-service,,] 38608 --- [main] c.n.discovery.InstanceInfoReplicator     : InstanceInfoReplicator onDemand update allowed rate per min is 4
2022-10-31 23:19:12.944  INFO [statistic-service,,] 38608 --- [main] com.netflix.discovery.DiscoveryClient    : Discovery Client initialized at timestamp 1667233152943 with initial instances count: 3
2022-10-31 23:19:12.951  INFO [statistic-service,,] 38608 --- [main] o.s.c.n.e.s.EurekaServiceRegistry        : Registering application STATISTIC-SERVICE with eureka with status UP
2022-10-31 23:19:12.951  INFO [statistic-service,,] 38608 --- [main] com.netflix.discovery.DiscoveryClient    : Saw local status change event StatusChangeEvent [timestamp=1667233152951, current=UP, previous=STARTING]
2022-10-31 23:19:12.952  INFO [statistic-service,,] 38608 --- [DiscoveryClient-InstanceInfoReplicator-0] com.netflix.discovery.DiscoveryClient    : DiscoveryClient_STATISTIC-SERVICE/172.20.10.4:statistic-service:9081: registering service...
2022-10-31 23:19:12.966  INFO [statistic-service,,] 38608 --- [main] o.s.b.w.embedded.tomcat.TomcatWebServer  : Tomcat started on port(s): 9081 (http) with context path ''
2022-10-31 23:19:12.966  INFO [statistic-service,,] 38608 --- [main] .s.c.n.e.s.EurekaAutoServiceRegistration : Updating port to 9081
2022-10-31 23:19:12.982  INFO [statistic-service,,] 38608 --- [DiscoveryClient-InstanceInfoReplicator-0] com.netflix.discovery.DiscoveryClient    : DiscoveryClient_STATISTIC-SERVICE/172.20.10.4:statistic-service:9081 - registration status: 204
2022-10-31 23:19:12.986  INFO [statistic-service,,] 38608 --- [main] c.v.s.StatisticServiceApplication        : Started StatisticServiceApplication in 63.136 seconds (JVM running for 63.447)
2022-10-31 23:19:12.992  INFO [statistic-service,,] 38608 --- [main] c.v.s.StatisticServiceApplication        : 

		----------------------------------------------------------------------------------
					Application statistic-service is running on port 9081
					Access: http://localhost:9081/sw
		----------------------------------------------------------------------------------

2022-10-31 23:19:13.125  INFO [statistic-service,,] 38608 --- [RMI TCP Connection(15)-127.0.0.1] o.a.c.c.C.[Tomcat].[localhost].[/]       : Initializing Spring DispatcherServlet 'dispatcherServlet'
2022-10-31 23:19:13.125  INFO [statistic-service,,] 38608 --- [RMI TCP Connection(15)-127.0.0.1] o.s.web.servlet.DispatcherServlet        : Initializing Servlet 'dispatcherServlet'
2022-10-31 23:19:13.127  INFO [statistic-service,,] 38608 --- [RMI TCP Connection(15)-127.0.0.1] o.s.web.servlet.DispatcherServlet        : Completed initialization in 2 ms
2022-10-31 23:21:14.194  INFO [statistic-service,,] 38608 --- [SpringApplicationShutdownHook] o.s.c.n.e.s.EurekaServiceRegistry        : Unregistering application STATISTIC-SERVICE with eureka with status DOWN
2022-10-31 23:21:14.194  INFO [statistic-service,,] 38608 --- [SpringApplicationShutdownHook] com.netflix.discovery.DiscoveryClient    : Saw local status change event StatusChangeEvent [timestamp=1667233274194, current=DOWN, previous=UP]
2022-10-31 23:21:14.195  INFO [statistic-service,,] 38608 --- [DiscoveryClient-InstanceInfoReplicator-0] com.netflix.discovery.DiscoveryClient    : DiscoveryClient_STATISTIC-SERVICE/172.20.10.4:statistic-service:9081: registering service...
2022-10-31 23:21:14.200  INFO [statistic-service,,] 38608 --- [DiscoveryClient-InstanceInfoReplicator-0] com.netflix.discovery.DiscoveryClient    : DiscoveryClient_STATISTIC-SERVICE/172.20.10.4:statistic-service:9081 - registration status: 204
2022-10-31 23:21:14.206  INFO [statistic-service,,] 38608 --- [SpringApplicationShutdownHook] j.LocalContainerEntityManagerFactoryBean : Closing JPA EntityManagerFactory for persistence unit 'default'
2022-10-31 23:21:14.208  INFO [statistic-service,,] 38608 --- [SpringApplicationShutdownHook] com.zaxxer.hikari.HikariDataSource       : HikariPool-1 - Shutdown initiated...
2022-10-31 23:21:14.209  INFO [statistic-service,,] 38608 --- [SpringApplicationShutdownHook] com.zaxxer.hikari.HikariDataSource       : HikariPool-1 - Shutdown completed.
2022-10-31 23:21:14.211  INFO [statistic-service,,] 38608 --- [SpringApplicationShutdownHook] com.netflix.discovery.DiscoveryClient    : Shutting down DiscoveryClient ...
2022-10-31 23:21:17.217  INFO [statistic-service,,] 38608 --- [SpringApplicationShutdownHook] com.netflix.discovery.DiscoveryClient    : Unregistering ...
2022-10-31 23:21:17.223  INFO [statistic-service,,] 38608 --- [SpringApplicationShutdownHook] com.netflix.discovery.DiscoveryClient    : DiscoveryClient_STATISTIC-SERVICE/172.20.10.4:statistic-service:9081 - deregister  status: 200
2022-10-31 23:21:17.226  INFO [statistic-service,,] 38608 --- [SpringApplicationShutdownHook] com.netflix.discovery.DiscoveryClient    : Completed shut down of DiscoveryClient
2022-10-31 23:21:44.384  INFO [statistic-service,,] 38925 --- [main] c.v.s.StatisticServiceApplication        : Starting StatisticServiceApplication using Java 1.8.0_333 on Quanzip.local with PID 38925 (/Users/phamhongquan/IdeaProjects/Micro service app 2/statistic-service/target/classes started by phamhongquan in /Users/phamhongquan/IdeaProjects/Micro service app 2/statistic-service)
2022-10-31 23:21:44.385  INFO [statistic-service,,] 38925 --- [main] c.v.s.StatisticServiceApplication        : No active profile set, falling back to default profiles: default
2022-10-31 23:21:44.401  INFO [statistic-service,,] 38925 --- [main] o.s.b.context.config.ConfigDataLoader    : Fetching config from server at : http://172.20.10.4:9025
2022-10-31 23:21:44.401  INFO [statistic-service,,] 38925 --- [main] o.s.b.context.config.ConfigDataLoader    : Located environment: name=statistic-service, profiles=[default], label=null, version=null, state=null
2022-10-31 23:21:44.863  INFO [statistic-service,,] 38925 --- [main] .s.d.r.c.RepositoryConfigurationDelegate : Bootstrapping Spring Data JPA repositories in DEFAULT mode.
2022-10-31 23:21:44.885  INFO [statistic-service,,] 38925 --- [main] .s.d.r.c.RepositoryConfigurationDelegate : Finished Spring Data repository scanning in 18 ms. Found 1 JPA repository interfaces.
2022-10-31 23:21:45.062  INFO [statistic-service,,] 38925 --- [main] o.s.cloud.context.scope.GenericScope     : BeanFactory id=e11f1f8e-1876-3127-91ab-8c79666e3983
2022-10-31 23:21:45.236  INFO [statistic-service,,] 38925 --- [main] trationDelegate$BeanPostProcessorChecker : Bean 'oauthConfig' of type [com.viettel.statisticservice.security.OauthConfig$$EnhancerBySpringCGLIB$$b81398e9] is not eligible for getting processed by all BeanPostProcessors (for example: not eligible for auto-proxying)
2022-10-31 23:21:45.402  INFO [statistic-service,,] 38925 --- [main] o.s.b.w.embedded.tomcat.TomcatWebServer  : Tomcat initialized with port(s): 9081 (http)
2022-10-31 23:21:45.406  INFO [statistic-service,,] 38925 --- [main] o.apache.catalina.core.StandardService   : Starting service [Tomcat]
2022-10-31 23:21:45.406  INFO [statistic-service,,] 38925 --- [main] org.apache.catalina.core.StandardEngine  : Starting Servlet engine: [Apache Tomcat/9.0.56]
2022-10-31 23:21:45.444  INFO [statistic-service,,] 38925 --- [main] o.a.c.c.C.[Tomcat].[localhost].[/]       : Initializing Spring embedded WebApplicationContext
2022-10-31 23:21:45.444  INFO [statistic-service,,] 38925 --- [main] w.s.c.ServletWebServerApplicationContext : Root WebApplicationContext: initialization completed in 1042 ms
2022-10-31 23:21:45.970  INFO [statistic-service,,] 38925 --- [main] o.hibernate.jpa.internal.util.LogHelper  : HHH000204: Processing PersistenceUnitInfo [name: default]
2022-10-31 23:21:45.990  INFO [statistic-service,,] 38925 --- [main] org.hibernate.Version                    : HHH000412: Hibernate ORM core version 5.6.4.Final
2022-10-31 23:21:46.042  INFO [statistic-service,,] 38925 --- [main] o.hibernate.annotations.common.Version   : HCANN000001: Hibernate Commons Annotations {5.1.2.Final}
2022-10-31 23:21:46.078  INFO [statistic-service,,] 38925 --- [main] com.zaxxer.hikari.HikariDataSource       : HikariPool-1 - Starting...
2022-10-31 23:21:46.151  INFO [statistic-service,,] 38925 --- [main] com.zaxxer.hikari.HikariDataSource       : HikariPool-1 - Start completed.
2022-10-31 23:21:46.157  INFO [statistic-service,,] 38925 --- [main] org.hibernate.dialect.Dialect            : HHH000400: Using dialect: org.hibernate.dialect.MySQL5InnoDBDialect
2022-10-31 23:21:46.376  INFO [statistic-service,,] 38925 --- [main] o.h.e.t.j.p.i.JtaPlatformInitiator       : HHH000490: Using JtaPlatform implementation: [org.hibernate.engine.transaction.jta.platform.internal.NoJtaPlatform]
2022-10-31 23:21:46.381  INFO [statistic-service,,] 38925 --- [main] j.LocalContainerEntityManagerFactoryBean : Initialized JPA EntityManagerFactory for persistence unit 'default'
2022-10-31 23:21:46.743  WARN [statistic-service,,] 38925 --- [main] JpaBaseConfiguration$JpaWebConfiguration : spring.jpa.open-in-view is enabled by default. Therefore, database queries may be performed during view rendering. Explicitly configure spring.jpa.open-in-view to disable this warning
2022-10-31 23:21:47.485  INFO [statistic-service,,] 38925 --- [main] .s.s.UserDetailsServiceAutoConfiguration : 

Using generated security password: 46723e2f-b74a-4b40-b600-5834830e9fee

2022-10-31 23:21:47.575  INFO [statistic-service,,] 38925 --- [main] o.s.s.web.DefaultSecurityFilterChain     : Will secure any request with [org.springframework.security.web.context.request.async.WebAsyncManagerIntegrationFilter@2b69ff13, org.springframework.security.web.context.SecurityContextPersistenceFilter@49616310, org.springframework.security.web.header.HeaderWriterFilter@2162598, org.springframework.security.web.authentication.logout.LogoutFilter@2027d56f, org.springframework.security.oauth2.provider.authentication.OAuth2AuthenticationProcessingFilter@3c7787a7, org.springframework.security.web.savedrequest.RequestCacheAwareFilter@32eac39b, org.springframework.security.web.servletapi.SecurityContextHolderAwareRequestFilter@26b150cd, org.springframework.security.web.authentication.AnonymousAuthenticationFilter@7136ad9a, org.springframework.security.web.session.SessionManagementFilter@16eb01d4, org.springframework.security.web.access.ExceptionTranslationFilter@7c928399, org.springframework.security.web.access.intercept.FilterSecurityInterceptor@3dfaa1e4]
2022-10-31 23:21:47.608  INFO [statistic-service,,] 38925 --- [main] DiscoveryClientOptionalArgsConfiguration : Eureka HTTP Client uses RestTemplate.
2022-10-31 23:21:47.697  WARN [statistic-service,,] 38925 --- [main] iguration$LoadBalancerCaffeineWarnLogger : Spring Cloud LoadBalancer is currently working with the default cache. While this cache implementation is useful for development and tests, it's recommended to use Caffeine cache in production.You can switch to using Caffeine cache, by adding it and org.springframework.cache.caffeine.CaffeineCacheManager to the classpath.
2022-10-31 23:21:47.754  INFO [statistic-service,,] 38925 --- [main] o.s.b.a.e.web.EndpointLinksResolver      : Exposing 18 endpoint(s) beneath base path '/actuator'
2022-10-31 23:21:47.847  INFO [statistic-service,,] 38925 --- [main] o.s.c.n.eureka.InstanceInfoFactory       : Setting initial instance status as: STARTING
2022-10-31 23:21:47.863  INFO [statistic-service,,] 38925 --- [main] com.netflix.discovery.DiscoveryClient    : Initializing Eureka in region us-east-1
2022-10-31 23:21:47.865  INFO [statistic-service,,] 38925 --- [main] c.n.d.s.r.aws.ConfigClusterResolver      : Resolving eureka endpoints via configuration
2022-10-31 23:21:47.874  INFO [statistic-service,,] 38925 --- [main] com.netflix.discovery.DiscoveryClient    : Disable delta property : false
2022-10-31 23:21:47.875  INFO [statistic-service,,] 38925 --- [main] com.netflix.discovery.DiscoveryClient    : Single vip registry refresh property : null
2022-10-31 23:21:47.875  INFO [statistic-service,,] 38925 --- [main] com.netflix.discovery.DiscoveryClient    : Force full registry fetch : false
2022-10-31 23:21:47.875  INFO [statistic-service,,] 38925 --- [main] com.netflix.discovery.DiscoveryClient    : Application is null : false
2022-10-31 23:21:47.875  INFO [statistic-service,,] 38925 --- [main] com.netflix.discovery.DiscoveryClient    : Registered Applications size is zero : true
2022-10-31 23:21:47.875  INFO [statistic-service,,] 38925 --- [main] com.netflix.discovery.DiscoveryClient    : Application version is -1: true
2022-10-31 23:21:47.875  INFO [statistic-service,,] 38925 --- [main] com.netflix.discovery.DiscoveryClient    : Getting all instance registry info from the eureka server
2022-10-31 23:21:47.999  INFO [statistic-service,,] 38925 --- [main] com.netflix.discovery.DiscoveryClient    : The response status is 200
2022-10-31 23:21:48.001  INFO [statistic-service,,] 38925 --- [main] com.netflix.discovery.DiscoveryClient    : Starting heartbeat executor: renew interval is: 30
2022-10-31 23:21:48.002  INFO [statistic-service,,] 38925 --- [main] c.n.discovery.InstanceInfoReplicator     : InstanceInfoReplicator onDemand update allowed rate per min is 4
2022-10-31 23:21:48.004  INFO [statistic-service,,] 38925 --- [main] com.netflix.discovery.DiscoveryClient    : Discovery Client initialized at timestamp 1667233308004 with initial instances count: 5
2022-10-31 23:21:48.011  INFO [statistic-service,,] 38925 --- [main] o.s.c.n.e.s.EurekaServiceRegistry        : Registering application STATISTIC-SERVICE with eureka with status UP
2022-10-31 23:21:48.011  INFO [statistic-service,,] 38925 --- [main] com.netflix.discovery.DiscoveryClient    : Saw local status change event StatusChangeEvent [timestamp=1667233308011, current=UP, previous=STARTING]
2022-10-31 23:21:48.012  INFO [statistic-service,,] 38925 --- [DiscoveryClient-InstanceInfoReplicator-0] com.netflix.discovery.DiscoveryClient    : DiscoveryClient_STATISTIC-SERVICE/172.20.10.4:statistic-service:9081: registering service...
2022-10-31 23:21:48.023  INFO [statistic-service,,] 38925 --- [main] o.s.b.w.embedded.tomcat.TomcatWebServer  : Tomcat started on port(s): 9081 (http) with context path ''
2022-10-31 23:21:48.023  INFO [statistic-service,,] 38925 --- [main] .s.c.n.e.s.EurekaAutoServiceRegistration : Updating port to 9081
2022-10-31 23:21:48.034  INFO [statistic-service,,] 38925 --- [DiscoveryClient-InstanceInfoReplicator-0] com.netflix.discovery.DiscoveryClient    : DiscoveryClient_STATISTIC-SERVICE/172.20.10.4:statistic-service:9081 - registration status: 204
2022-10-31 23:21:48.041  INFO [statistic-service,,] 38925 --- [main] c.v.s.StatisticServiceApplication        : Started StatisticServiceApplication in 4.683 seconds (JVM running for 5.111)
2022-10-31 23:21:48.044  INFO [statistic-service,,] 38925 --- [main] c.v.s.StatisticServiceApplication        : 

		----------------------------------------------------------------------------------
					Application statistic-service is running on port 9081
					Access: http://localhost:9081/sw
		----------------------------------------------------------------------------------

2022-10-31 23:21:48.245  INFO [statistic-service,,] 38925 --- [RMI TCP Connection(4)-127.0.0.1] o.a.c.c.C.[Tomcat].[localhost].[/]       : Initializing Spring DispatcherServlet 'dispatcherServlet'
2022-10-31 23:21:48.245  INFO [statistic-service,,] 38925 --- [RMI TCP Connection(4)-127.0.0.1] o.s.web.servlet.DispatcherServlet        : Initializing Servlet 'dispatcherServlet'
2022-10-31 23:21:48.247  INFO [statistic-service,,] 38925 --- [RMI TCP Connection(4)-127.0.0.1] o.s.web.servlet.DispatcherServlet        : Completed initialization in 2 ms
2022-10-31 23:22:21.321 ERROR [statistic-service,1601c0d1b5c6acf3,4291a8b54b925f8d] 38925 --- [http-nio-9081-exec-1] o.a.c.c.C.[.[.[/].[dispatcherServlet]    : Servlet.service() for servlet [dispatcherServlet] in context with path [] threw exception

java.io.IOException: Stream closed
	at sun.nio.cs.StreamEncoder.ensureOpen(StreamEncoder.java:45) ~[na:1.8.0_333]
	at sun.nio.cs.StreamEncoder.write(StreamEncoder.java:118) ~[na:1.8.0_333]
	at java.io.OutputStreamWriter.write(OutputStreamWriter.java:207) ~[na:1.8.0_333]
	at java.io.BufferedWriter.flushBuffer(BufferedWriter.java:129) ~[na:1.8.0_333]
	at java.io.BufferedWriter.close(BufferedWriter.java:265) ~[na:1.8.0_333]
	at com.viettel.statisticservice.comon.FileWriter.writeDataToFile(FileWriter.java:29) ~[classes/:na]
	at com.viettel.statisticservice.service.impl.StatisticServiceImpl.addStatistic(StatisticServiceImpl.java:40) ~[classes/:na]
	at com.viettel.statisticservice.service.impl.StatisticServiceImpl$$FastClassBySpringCGLIB$$3f811253.invoke(<generated>) ~[classes/:na]
	at org.springframework.cglib.proxy.MethodProxy.invoke(MethodProxy.java:218) ~[spring-core-5.3.15.jar:5.3.15]
	at org.springframework.aop.framework.CglibAopProxy$CglibMethodInvocation.invokeJoinpoint(CglibAopProxy.java:783) ~[spring-aop-5.3.15.jar:5.3.15]
	at org.springframework.aop.framework.ReflectiveMethodInvocation.proceed(ReflectiveMethodInvocation.java:163) ~[spring-aop-5.3.15.jar:5.3.15]
	at org.springframework.aop.framework.CglibAopProxy$CglibMethodInvocation.proceed(CglibAopProxy.java:753) ~[spring-aop-5.3.15.jar:5.3.15]
	at org.springframework.dao.support.PersistenceExceptionTranslationInterceptor.invoke(PersistenceExceptionTranslationInterceptor.java:137) ~[spring-tx-5.3.15.jar:5.3.15]
	at org.springframework.aop.framework.ReflectiveMethodInvocation.proceed(ReflectiveMethodInvocation.java:186) ~[spring-aop-5.3.15.jar:5.3.15]
	at org.springframework.aop.framework.CglibAopProxy$CglibMethodInvocation.proceed(CglibAopProxy.java:753) ~[spring-aop-5.3.15.jar:5.3.15]
	at org.springframework.aop.framework.CglibAopProxy$DynamicAdvisedInterceptor.intercept(CglibAopProxy.java:698) ~[spring-aop-5.3.15.jar:5.3.15]
	at com.viettel.statisticservice.service.impl.StatisticServiceImpl$$EnhancerBySpringCGLIB$$dde6d9b1.addStatistic(<generated>) ~[classes/:na]
	at com.viettel.statisticservice.controller.StatisticController.addStatistic(StatisticController.java:38) ~[classes/:na]
	at com.viettel.statisticservice.controller.StatisticController$$FastClassBySpringCGLIB$$423df421.invoke(<generated>) ~[classes/:na]
	at org.springframework.cglib.proxy.MethodProxy.invoke(MethodProxy.java:218) ~[spring-core-5.3.15.jar:5.3.15]
	at org.springframework.aop.framework.CglibAopProxy$CglibMethodInvocation.invokeJoinpoint(CglibAopProxy.java:783) ~[spring-aop-5.3.15.jar:5.3.15]
	at org.springframework.aop.framework.ReflectiveMethodInvocation.proceed(ReflectiveMethodInvocation.java:163) ~[spring-aop-5.3.15.jar:5.3.15]
	at org.springframework.aop.framework.CglibAopProxy$CglibMethodInvocation.proceed(CglibAopProxy.java:753) ~[spring-aop-5.3.15.jar:5.3.15]
	at org.springframework.security.access.intercept.aopalliance.MethodSecurityInterceptor.invoke(MethodSecurityInterceptor.java:61) ~[spring-security-core-5.6.1.jar:5.6.1]
	at org.springframework.aop.framework.ReflectiveMethodInvocation.proceed(ReflectiveMethodInvocation.java:186) ~[spring-aop-5.3.15.jar:5.3.15]
	at org.springframework.aop.framework.CglibAopProxy$CglibMethodInvocation.proceed(CglibAopProxy.java:753) ~[spring-aop-5.3.15.jar:5.3.15]
	at org.springframework.aop.framework.CglibAopProxy$DynamicAdvisedInterceptor.intercept(CglibAopProxy.java:698) ~[spring-aop-5.3.15.jar:5.3.15]
	at com.viettel.statisticservice.controller.StatisticController$$EnhancerBySpringCGLIB$$3523f649.addStatistic(<generated>) ~[classes/:na]
	at sun.reflect.NativeMethodAccessorImpl.invoke0(Native Method) ~[na:1.8.0_333]
	at sun.reflect.NativeMethodAccessorImpl.invoke(NativeMethodAccessorImpl.java:62) ~[na:1.8.0_333]
	at sun.reflect.DelegatingMethodAccessorImpl.invoke(DelegatingMethodAccessorImpl.java:43) ~[na:1.8.0_333]
	at java.lang.reflect.Method.invoke(Method.java:498) ~[na:1.8.0_333]
	at org.springframework.web.method.support.InvocableHandlerMethod.doInvoke(InvocableHandlerMethod.java:205) ~[spring-web-5.3.15.jar:5.3.15]
	at org.springframework.web.method.support.InvocableHandlerMethod.invokeForRequest(InvocableHandlerMethod.java:150) ~[spring-web-5.3.15.jar:5.3.15]
	at org.springframework.web.servlet.mvc.method.annotation.ServletInvocableHandlerMethod.invokeAndHandle(ServletInvocableHandlerMethod.java:117) ~[spring-webmvc-5.3.15.jar:5.3.15]
	at org.springframework.web.servlet.mvc.method.annotation.RequestMappingHandlerAdapter.invokeHandlerMethod(RequestMappingHandlerAdapter.java:895) ~[spring-webmvc-5.3.15.jar:5.3.15]
	at org.springframework.web.servlet.mvc.method.annotation.RequestMappingHandlerAdapter.handleInternal(RequestMappingHandlerAdapter.java:808) ~[spring-webmvc-5.3.15.jar:5.3.15]
	at org.springframework.web.servlet.mvc.method.AbstractHandlerMethodAdapter.handle(AbstractHandlerMethodAdapter.java:87) ~[spring-webmvc-5.3.15.jar:5.3.15]
	at org.springframework.web.servlet.DispatcherServlet.doDispatch(DispatcherServlet.java:1067) ~[spring-webmvc-5.3.15.jar:5.3.15]
	at org.springframework.web.servlet.DispatcherServlet.doService(DispatcherServlet.java:963) ~[spring-webmvc-5.3.15.jar:5.3.15]
	at org.springframework.web.servlet.FrameworkServlet.processRequest(FrameworkServlet.java:1006) ~[spring-webmvc-5.3.15.jar:5.3.15]
	at org.springframework.web.servlet.FrameworkServlet.doPost(FrameworkServlet.java:909) ~[spring-webmvc-5.3.15.jar:5.3.15]
	at javax.servlet.http.HttpServlet.service(HttpServlet.java:681) ~[tomcat-embed-core-9.0.56.jar:4.0.FR]
	at org.springframework.web.servlet.FrameworkServlet.service(FrameworkServlet.java:883) ~[spring-webmvc-5.3.15.jar:5.3.15]
	at javax.servlet.http.HttpServlet.service(HttpServlet.java:764) ~[tomcat-embed-core-9.0.56.jar:4.0.FR]
	at org.apache.catalina.core.ApplicationFilterChain.internalDoFilter(ApplicationFilterChain.java:227) ~[tomcat-embed-core-9.0.56.jar:9.0.56]
	at org.apache.catalina.core.ApplicationFilterChain.doFilter(ApplicationFilterChain.java:162) ~[tomcat-embed-core-9.0.56.jar:9.0.56]
	at org.apache.tomcat.websocket.server.WsFilter.doFilter(WsFilter.java:53) ~[tomcat-embed-websocket-9.0.56.jar:9.0.56]
	at org.apache.catalina.core.ApplicationFilterChain.internalDoFilter(ApplicationFilterChain.java:189) ~[tomcat-embed-core-9.0.56.jar:9.0.56]
	at org.apache.catalina.core.ApplicationFilterChain.doFilter(ApplicationFilterChain.java:162) ~[tomcat-embed-core-9.0.56.jar:9.0.56]
	at org.springframework.security.web.FilterChainProxy$VirtualFilterChain.doFilter(FilterChainProxy.java:327) ~[spring-security-web-5.6.1.jar:5.6.1]
	at org.springframework.security.web.access.intercept.FilterSecurityInterceptor.invoke(FilterSecurityInterceptor.java:115) ~[spring-security-web-5.6.1.jar:5.6.1]
	at org.springframework.security.web.access.intercept.FilterSecurityInterceptor.doFilter(FilterSecurityInterceptor.java:81) ~[spring-security-web-5.6.1.jar:5.6.1]
	at org.springframework.security.web.FilterChainProxy$VirtualFilterChain.doFilter(FilterChainProxy.java:336) ~[spring-security-web-5.6.1.jar:5.6.1]
	at org.springframework.security.web.access.ExceptionTranslationFilter.doFilter(ExceptionTranslationFilter.java:122) ~[spring-security-web-5.6.1.jar:5.6.1]
	at org.springframework.security.web.access.ExceptionTranslationFilter.doFilter(ExceptionTranslationFilter.java:116) ~[spring-security-web-5.6.1.jar:5.6.1]
	at org.springframework.security.web.FilterChainProxy$VirtualFilterChain.doFilter(FilterChainProxy.java:336) ~[spring-security-web-5.6.1.jar:5.6.1]
	at org.springframework.security.web.session.SessionManagementFilter.doFilter(SessionManagementFilter.java:126) ~[spring-security-web-5.6.1.jar:5.6.1]
	at org.springframework.security.web.session.SessionManagementFilter.doFilter(SessionManagementFilter.java:81) ~[spring-security-web-5.6.1.jar:5.6.1]
	at org.springframework.security.web.FilterChainProxy$VirtualFilterChain.doFilter(FilterChainProxy.java:336) ~[spring-security-web-5.6.1.jar:5.6.1]
	at org.springframework.security.web.authentication.AnonymousAuthenticationFilter.doFilter(AnonymousAuthenticationFilter.java:109) ~[spring-security-web-5.6.1.jar:5.6.1]
	at org.springframework.security.web.FilterChainProxy$VirtualFilterChain.doFilter(FilterChainProxy.java:336) ~[spring-security-web-5.6.1.jar:5.6.1]
	at org.springframework.security.web.servletapi.SecurityContextHolderAwareRequestFilter.doFilter(SecurityContextHolderAwareRequestFilter.java:149) ~[spring-security-web-5.6.1.jar:5.6.1]
	at org.springframework.security.web.FilterChainProxy$VirtualFilterChain.doFilter(FilterChainProxy.java:336) ~[spring-security-web-5.6.1.jar:5.6.1]
	at org.springframework.security.web.savedrequest.RequestCacheAwareFilter.doFilter(RequestCacheAwareFilter.java:63) ~[spring-security-web-5.6.1.jar:5.6.1]
	at org.springframework.security.web.FilterChainProxy$VirtualFilterChain.doFilter(FilterChainProxy.java:336) ~[spring-security-web-5.6.1.jar:5.6.1]
	at org.springframework.security.oauth2.provider.authentication.OAuth2AuthenticationProcessingFilter.doFilter(OAuth2AuthenticationProcessingFilter.java:182) ~[spring-security-oauth2-2.5.2.RELEASE.jar:na]
	at org.springframework.security.web.FilterChainProxy$VirtualFilterChain.doFilter(FilterChainProxy.java:336) ~[spring-security-web-5.6.1.jar:5.6.1]
	at org.springframework.security.web.authentication.logout.LogoutFilter.doFilter(LogoutFilter.java:103) ~[spring-security-web-5.6.1.jar:5.6.1]
	at org.springframework.security.web.authentication.logout.LogoutFilter.doFilter(LogoutFilter.java:89) ~[spring-security-web-5.6.1.jar:5.6.1]
	at org.springframework.security.web.FilterChainProxy$VirtualFilterChain.doFilter(FilterChainProxy.java:336) ~[spring-security-web-5.6.1.jar:5.6.1]
	at org.springframework.security.web.header.HeaderWriterFilter.doHeadersAfter(HeaderWriterFilter.java:90) ~[spring-security-web-5.6.1.jar:5.6.1]
	at org.springframework.security.web.header.HeaderWriterFilter.doFilterInternal(HeaderWriterFilter.java:75) ~[spring-security-web-5.6.1.jar:5.6.1]
	at org.springframework.web.filter.OncePerRequestFilter.doFilter(OncePerRequestFilter.java:117) ~[spring-web-5.3.15.jar:5.3.15]
	at org.springframework.security.web.FilterChainProxy$VirtualFilterChain.doFilter(FilterChainProxy.java:336) ~[spring-security-web-5.6.1.jar:5.6.1]
	at org.springframework.security.web.context.SecurityContextPersistenceFilter.doFilter(SecurityContextPersistenceFilter.java:110) ~[spring-security-web-5.6.1.jar:5.6.1]
	at org.springframework.security.web.context.SecurityContextPersistenceFilter.doFilter(SecurityContextPersistenceFilter.java:80) ~[spring-security-web-5.6.1.jar:5.6.1]
	at org.springframework.security.web.FilterChainProxy$VirtualFilterChain.doFilter(FilterChainProxy.java:336) ~[spring-security-web-5.6.1.jar:5.6.1]
	at org.springframework.security.web.context.request.async.WebAsyncManagerIntegrationFilter.doFilterInternal(WebAsyncManagerIntegrationFilter.java:55) ~[spring-security-web-5.6.1.jar:5.6.1]
	at org.springframework.web.filter.OncePerRequestFilter.doFilter(OncePerRequestFilter.java:117) ~[spring-web-5.3.15.jar:5.3.15]
	at org.springframework.security.web.FilterChainProxy$VirtualFilterChain.doFilter(FilterChainProxy.java:336) ~[spring-security-web-5.6.1.jar:5.6.1]
	at org.springframework.security.web.FilterChainProxy.doFilterInternal(FilterChainProxy.java:211) ~[spring-security-web-5.6.1.jar:5.6.1]
	at org.springframework.security.web.FilterChainProxy.doFilter(FilterChainProxy.java:183) ~[spring-security-web-5.6.1.jar:5.6.1]
	at org.springframework.web.filter.DelegatingFilterProxy.invokeDelegate(DelegatingFilterProxy.java:354) ~[spring-web-5.3.15.jar:5.3.15]
	at org.springframework.web.filter.DelegatingFilterProxy.doFilter(DelegatingFilterProxy.java:267) ~[spring-web-5.3.15.jar:5.3.15]
	at org.apache.catalina.core.ApplicationFilterChain.internalDoFilter(ApplicationFilterChain.java:189) ~[tomcat-embed-core-9.0.56.jar:9.0.56]
	at org.apache.catalina.core.ApplicationFilterChain.doFilter(ApplicationFilterChain.java:162) ~[tomcat-embed-core-9.0.56.jar:9.0.56]
	at org.springframework.web.filter.RequestContextFilter.doFilterInternal(RequestContextFilter.java:100) ~[spring-web-5.3.15.jar:5.3.15]
	at org.springframework.web.filter.OncePerRequestFilter.doFilter(OncePerRequestFilter.java:117) ~[spring-web-5.3.15.jar:5.3.15]
	at org.apache.catalina.core.ApplicationFilterChain.internalDoFilter(ApplicationFilterChain.java:189) ~[tomcat-embed-core-9.0.56.jar:9.0.56]
	at org.apache.catalina.core.ApplicationFilterChain.doFilter(ApplicationFilterChain.java:162) ~[tomcat-embed-core-9.0.56.jar:9.0.56]
	at org.springframework.web.filter.FormContentFilter.doFilterInternal(FormContentFilter.java:93) ~[spring-web-5.3.15.jar:5.3.15]
	at org.springframework.web.filter.OncePerRequestFilter.doFilter(OncePerRequestFilter.java:117) ~[spring-web-5.3.15.jar:5.3.15]
	at org.apache.catalina.core.ApplicationFilterChain.internalDoFilter(ApplicationFilterChain.java:189) ~[tomcat-embed-core-9.0.56.jar:9.0.56]
	at org.apache.catalina.core.ApplicationFilterChain.doFilter(ApplicationFilterChain.java:162) ~[tomcat-embed-core-9.0.56.jar:9.0.56]
	at org.springframework.cloud.sleuth.instrument.web.servlet.TracingFilter.doFilter(TracingFilter.java:68) ~[spring-cloud-sleuth-instrumentation-3.1.1.jar:3.1.1]
	at org.springframework.cloud.sleuth.autoconfig.instrument.web.TraceWebServletConfiguration$LazyTracingFilter.doFilter(TraceWebServletConfiguration.java:131) ~[spring-cloud-sleuth-autoconfigure-3.1.1.jar:3.1.1]
	at org.apache.catalina.core.ApplicationFilterChain.internalDoFilter(ApplicationFilterChain.java:189) ~[tomcat-embed-core-9.0.56.jar:9.0.56]
	at org.apache.catalina.core.ApplicationFilterChain.doFilter(ApplicationFilterChain.java:162) ~[tomcat-embed-core-9.0.56.jar:9.0.56]
	at org.springframework.boot.actuate.metrics.web.servlet.WebMvcMetricsFilter.doFilterInternal(WebMvcMetricsFilter.java:96) ~[spring-boot-actuator-2.6.3.jar:2.6.3]
	at org.springframework.web.filter.OncePerRequestFilter.doFilter(OncePerRequestFilter.java:117) ~[spring-web-5.3.15.jar:5.3.15]
	at org.apache.catalina.core.ApplicationFilterChain.internalDoFilter(ApplicationFilterChain.java:189) ~[tomcat-embed-core-9.0.56.jar:9.0.56]
	at org.apache.catalina.core.ApplicationFilterChain.doFilter(ApplicationFilterChain.java:162) ~[tomcat-embed-core-9.0.56.jar:9.0.56]
	at org.springframework.web.filter.CharacterEncodingFilter.doFilterInternal(CharacterEncodingFilter.java:201) ~[spring-web-5.3.15.jar:5.3.15]
	at org.springframework.web.filter.OncePerRequestFilter.doFilter(OncePerRequestFilter.java:117) ~[spring-web-5.3.15.jar:5.3.15]
	at org.apache.catalina.core.ApplicationFilterChain.internalDoFilter(ApplicationFilterChain.java:189) ~[tomcat-embed-core-9.0.56.jar:9.0.56]
	at org.apache.catalina.core.ApplicationFilterChain.doFilter(ApplicationFilterChain.java:162) ~[tomcat-embed-core-9.0.56.jar:9.0.56]
	at org.apache.catalina.core.StandardWrapperValve.invoke(StandardWrapperValve.java:197) ~[tomcat-embed-core-9.0.56.jar:9.0.56]
	at org.apache.catalina.core.StandardContextValve.invoke(StandardContextValve.java:97) [tomcat-embed-core-9.0.56.jar:9.0.56]
	at org.apache.catalina.authenticator.AuthenticatorBase.invoke(AuthenticatorBase.java:540) [tomcat-embed-core-9.0.56.jar:9.0.56]
	at org.apache.catalina.core.StandardHostValve.invoke(StandardHostValve.java:135) [tomcat-embed-core-9.0.56.jar:9.0.56]
	at org.apache.catalina.valves.ErrorReportValve.invoke(ErrorReportValve.java:92) [tomcat-embed-core-9.0.56.jar:9.0.56]
	at org.apache.catalina.core.StandardEngineValve.invoke(StandardEngineValve.java:78) [tomcat-embed-core-9.0.56.jar:9.0.56]
	at org.springframework.cloud.sleuth.instrument.web.tomcat.TraceValve.invoke(TraceValve.java:90) [spring-cloud-sleuth-instrumentation-3.1.1.jar:3.1.1]
	at org.apache.catalina.connector.CoyoteAdapter.service(CoyoteAdapter.java:357) [tomcat-embed-core-9.0.56.jar:9.0.56]
	at org.apache.coyote.http11.Http11Processor.service(Http11Processor.java:382) [tomcat-embed-core-9.0.56.jar:9.0.56]
	at org.apache.coyote.AbstractProcessorLight.process(AbstractProcessorLight.java:65) [tomcat-embed-core-9.0.56.jar:9.0.56]
	at org.apache.coyote.AbstractProtocol$ConnectionHandler.process(AbstractProtocol.java:895) [tomcat-embed-core-9.0.56.jar:9.0.56]
	at org.apache.tomcat.util.net.NioEndpoint$SocketProcessor.doRun(NioEndpoint.java:1732) [tomcat-embed-core-9.0.56.jar:9.0.56]
	at org.apache.tomcat.util.net.SocketProcessorBase.run(SocketProcessorBase.java:49) [tomcat-embed-core-9.0.56.jar:9.0.56]
	at org.apache.tomcat.util.threads.ThreadPoolExecutor.runWorker(ThreadPoolExecutor.java:1191) [tomcat-embed-core-9.0.56.jar:9.0.56]
	at org.apache.tomcat.util.threads.ThreadPoolExecutor$Worker.run(ThreadPoolExecutor.java:659) [tomcat-embed-core-9.0.56.jar:9.0.56]
	at org.apache.tomcat.util.threads.TaskThread$WrappingRunnable.run(TaskThread.java:61) [tomcat-embed-core-9.0.56.jar:9.0.56]
	at java.lang.Thread.run(Thread.java:750) [na:1.8.0_333]

2022-10-31 23:22:21.690 ERROR [statistic-service,5e4c9f7a08905830,c38654d38c94fd15] 38925 --- [http-nio-9081-exec-2] o.a.c.c.C.[.[.[/].[dispatcherServlet]    : Servlet.service() for servlet [dispatcherServlet] in context with path [] threw exception

java.io.IOException: Stream closed
	at sun.nio.cs.StreamEncoder.ensureOpen(StreamEncoder.java:45) ~[na:1.8.0_333]
	at sun.nio.cs.StreamEncoder.write(StreamEncoder.java:118) ~[na:1.8.0_333]
	at java.io.OutputStreamWriter.write(OutputStreamWriter.java:207) ~[na:1.8.0_333]
	at java.io.BufferedWriter.flushBuffer(BufferedWriter.java:129) ~[na:1.8.0_333]
	at java.io.BufferedWriter.close(BufferedWriter.java:265) ~[na:1.8.0_333]
	at com.viettel.statisticservice.comon.FileWriter.writeDataToFile(FileWriter.java:29) ~[classes/:na]
	at com.viettel.statisticservice.service.impl.StatisticServiceImpl.addStatistic(StatisticServiceImpl.java:40) ~[classes/:na]
	at com.viettel.statisticservice.service.impl.StatisticServiceImpl$$FastClassBySpringCGLIB$$3f811253.invoke(<generated>) ~[classes/:na]
	at org.springframework.cglib.proxy.MethodProxy.invoke(MethodProxy.java:218) ~[spring-core-5.3.15.jar:5.3.15]
	at org.springframework.aop.framework.CglibAopProxy$CglibMethodInvocation.invokeJoinpoint(CglibAopProxy.java:783) ~[spring-aop-5.3.15.jar:5.3.15]
	at org.springframework.aop.framework.ReflectiveMethodInvocation.proceed(ReflectiveMethodInvocation.java:163) ~[spring-aop-5.3.15.jar:5.3.15]
	at org.springframework.aop.framework.CglibAopProxy$CglibMethodInvocation.proceed(CglibAopProxy.java:753) ~[spring-aop-5.3.15.jar:5.3.15]
	at org.springframework.dao.support.PersistenceExceptionTranslationInterceptor.invoke(PersistenceExceptionTranslationInterceptor.java:137) ~[spring-tx-5.3.15.jar:5.3.15]
	at org.springframework.aop.framework.ReflectiveMethodInvocation.proceed(ReflectiveMethodInvocation.java:186) ~[spring-aop-5.3.15.jar:5.3.15]
	at org.springframework.aop.framework.CglibAopProxy$CglibMethodInvocation.proceed(CglibAopProxy.java:753) ~[spring-aop-5.3.15.jar:5.3.15]
	at org.springframework.aop.framework.CglibAopProxy$DynamicAdvisedInterceptor.intercept(CglibAopProxy.java:698) ~[spring-aop-5.3.15.jar:5.3.15]
	at com.viettel.statisticservice.service.impl.StatisticServiceImpl$$EnhancerBySpringCGLIB$$dde6d9b1.addStatistic(<generated>) ~[classes/:na]
	at com.viettel.statisticservice.controller.StatisticController.addStatistic(StatisticController.java:38) ~[classes/:na]
	at com.viettel.statisticservice.controller.StatisticController$$FastClassBySpringCGLIB$$423df421.invoke(<generated>) ~[classes/:na]
	at org.springframework.cglib.proxy.MethodProxy.invoke(MethodProxy.java:218) ~[spring-core-5.3.15.jar:5.3.15]
	at org.springframework.aop.framework.CglibAopProxy$CglibMethodInvocation.invokeJoinpoint(CglibAopProxy.java:783) ~[spring-aop-5.3.15.jar:5.3.15]
	at org.springframework.aop.framework.ReflectiveMethodInvocation.proceed(ReflectiveMethodInvocation.java:163) ~[spring-aop-5.3.15.jar:5.3.15]
	at org.springframework.aop.framework.CglibAopProxy$CglibMethodInvocation.proceed(CglibAopProxy.java:753) ~[spring-aop-5.3.15.jar:5.3.15]
	at org.springframework.security.access.intercept.aopalliance.MethodSecurityInterceptor.invoke(MethodSecurityInterceptor.java:61) ~[spring-security-core-5.6.1.jar:5.6.1]
	at org.springframework.aop.framework.ReflectiveMethodInvocation.proceed(ReflectiveMethodInvocation.java:186) ~[spring-aop-5.3.15.jar:5.3.15]
	at org.springframework.aop.framework.CglibAopProxy$CglibMethodInvocation.proceed(CglibAopProxy.java:753) ~[spring-aop-5.3.15.jar:5.3.15]
	at org.springframework.aop.framework.CglibAopProxy$DynamicAdvisedInterceptor.intercept(CglibAopProxy.java:698) ~[spring-aop-5.3.15.jar:5.3.15]
	at com.viettel.statisticservice.controller.StatisticController$$EnhancerBySpringCGLIB$$3523f649.addStatistic(<generated>) ~[classes/:na]
	at sun.reflect.NativeMethodAccessorImpl.invoke0(Native Method) ~[na:1.8.0_333]
	at sun.reflect.NativeMethodAccessorImpl.invoke(NativeMethodAccessorImpl.java:62) ~[na:1.8.0_333]
	at sun.reflect.DelegatingMethodAccessorImpl.invoke(DelegatingMethodAccessorImpl.java:43) ~[na:1.8.0_333]
	at java.lang.reflect.Method.invoke(Method.java:498) ~[na:1.8.0_333]
	at org.springframework.web.method.support.InvocableHandlerMethod.doInvoke(InvocableHandlerMethod.java:205) ~[spring-web-5.3.15.jar:5.3.15]
	at org.springframework.web.method.support.InvocableHandlerMethod.invokeForRequest(InvocableHandlerMethod.java:150) ~[spring-web-5.3.15.jar:5.3.15]
	at org.springframework.web.servlet.mvc.method.annotation.ServletInvocableHandlerMethod.invokeAndHandle(ServletInvocableHandlerMethod.java:117) ~[spring-webmvc-5.3.15.jar:5.3.15]
	at org.springframework.web.servlet.mvc.method.annotation.RequestMappingHandlerAdapter.invokeHandlerMethod(RequestMappingHandlerAdapter.java:895) ~[spring-webmvc-5.3.15.jar:5.3.15]
	at org.springframework.web.servlet.mvc.method.annotation.RequestMappingHandlerAdapter.handleInternal(RequestMappingHandlerAdapter.java:808) ~[spring-webmvc-5.3.15.jar:5.3.15]
	at org.springframework.web.servlet.mvc.method.AbstractHandlerMethodAdapter.handle(AbstractHandlerMethodAdapter.java:87) ~[spring-webmvc-5.3.15.jar:5.3.15]
	at org.springframework.web.servlet.DispatcherServlet.doDispatch(DispatcherServlet.java:1067) ~[spring-webmvc-5.3.15.jar:5.3.15]
	at org.springframework.web.servlet.DispatcherServlet.doService(DispatcherServlet.java:963) ~[spring-webmvc-5.3.15.jar:5.3.15]
	at org.springframework.web.servlet.FrameworkServlet.processRequest(FrameworkServlet.java:1006) ~[spring-webmvc-5.3.15.jar:5.3.15]
	at org.springframework.web.servlet.FrameworkServlet.doPost(FrameworkServlet.java:909) ~[spring-webmvc-5.3.15.jar:5.3.15]
	at javax.servlet.http.HttpServlet.service(HttpServlet.java:681) ~[tomcat-embed-core-9.0.56.jar:4.0.FR]
	at org.springframework.web.servlet.FrameworkServlet.service(FrameworkServlet.java:883) ~[spring-webmvc-5.3.15.jar:5.3.15]
	at javax.servlet.http.HttpServlet.service(HttpServlet.java:764) ~[tomcat-embed-core-9.0.56.jar:4.0.FR]
	at org.apache.catalina.core.ApplicationFilterChain.internalDoFilter(ApplicationFilterChain.java:227) ~[tomcat-embed-core-9.0.56.jar:9.0.56]
	at org.apache.catalina.core.ApplicationFilterChain.doFilter(ApplicationFilterChain.java:162) ~[tomcat-embed-core-9.0.56.jar:9.0.56]
	at org.apache.tomcat.websocket.server.WsFilter.doFilter(WsFilter.java:53) ~[tomcat-embed-websocket-9.0.56.jar:9.0.56]
	at org.apache.catalina.core.ApplicationFilterChain.internalDoFilter(ApplicationFilterChain.java:189) ~[tomcat-embed-core-9.0.56.jar:9.0.56]
	at org.apache.catalina.core.ApplicationFilterChain.doFilter(ApplicationFilterChain.java:162) ~[tomcat-embed-core-9.0.56.jar:9.0.56]
	at org.springframework.security.web.FilterChainProxy$VirtualFilterChain.doFilter(FilterChainProxy.java:327) ~[spring-security-web-5.6.1.jar:5.6.1]
	at org.springframework.security.web.access.intercept.FilterSecurityInterceptor.invoke(FilterSecurityInterceptor.java:115) ~[spring-security-web-5.6.1.jar:5.6.1]
	at org.springframework.security.web.access.intercept.FilterSecurityInterceptor.doFilter(FilterSecurityInterceptor.java:81) ~[spring-security-web-5.6.1.jar:5.6.1]
	at org.springframework.security.web.FilterChainProxy$VirtualFilterChain.doFilter(FilterChainProxy.java:336) ~[spring-security-web-5.6.1.jar:5.6.1]
	at org.springframework.security.web.access.ExceptionTranslationFilter.doFilter(ExceptionTranslationFilter.java:122) ~[spring-security-web-5.6.1.jar:5.6.1]
	at org.springframework.security.web.access.ExceptionTranslationFilter.doFilter(ExceptionTranslationFilter.java:116) ~[spring-security-web-5.6.1.jar:5.6.1]
	at org.springframework.security.web.FilterChainProxy$VirtualFilterChain.doFilter(FilterChainProxy.java:336) ~[spring-security-web-5.6.1.jar:5.6.1]
	at org.springframework.security.web.session.SessionManagementFilter.doFilter(SessionManagementFilter.java:126) ~[spring-security-web-5.6.1.jar:5.6.1]
	at org.springframework.security.web.session.SessionManagementFilter.doFilter(SessionManagementFilter.java:81) ~[spring-security-web-5.6.1.jar:5.6.1]
	at org.springframework.security.web.FilterChainProxy$VirtualFilterChain.doFilter(FilterChainProxy.java:336) ~[spring-security-web-5.6.1.jar:5.6.1]
	at org.springframework.security.web.authentication.AnonymousAuthenticationFilter.doFilter(AnonymousAuthenticationFilter.java:109) ~[spring-security-web-5.6.1.jar:5.6.1]
	at org.springframework.security.web.FilterChainProxy$VirtualFilterChain.doFilter(FilterChainProxy.java:336) ~[spring-security-web-5.6.1.jar:5.6.1]
	at org.springframework.security.web.servletapi.SecurityContextHolderAwareRequestFilter.doFilter(SecurityContextHolderAwareRequestFilter.java:149) ~[spring-security-web-5.6.1.jar:5.6.1]
	at org.springframework.security.web.FilterChainProxy$VirtualFilterChain.doFilter(FilterChainProxy.java:336) ~[spring-security-web-5.6.1.jar:5.6.1]
	at org.springframework.security.web.savedrequest.RequestCacheAwareFilter.doFilter(RequestCacheAwareFilter.java:63) ~[spring-security-web-5.6.1.jar:5.6.1]
	at org.springframework.security.web.FilterChainProxy$VirtualFilterChain.doFilter(FilterChainProxy.java:336) ~[spring-security-web-5.6.1.jar:5.6.1]
	at org.springframework.security.oauth2.provider.authentication.OAuth2AuthenticationProcessingFilter.doFilter(OAuth2AuthenticationProcessingFilter.java:182) ~[spring-security-oauth2-2.5.2.RELEASE.jar:na]
	at org.springframework.security.web.FilterChainProxy$VirtualFilterChain.doFilter(FilterChainProxy.java:336) ~[spring-security-web-5.6.1.jar:5.6.1]
	at org.springframework.security.web.authentication.logout.LogoutFilter.doFilter(LogoutFilter.java:103) ~[spring-security-web-5.6.1.jar:5.6.1]
	at org.springframework.security.web.authentication.logout.LogoutFilter.doFilter(LogoutFilter.java:89) ~[spring-security-web-5.6.1.jar:5.6.1]
	at org.springframework.security.web.FilterChainProxy$VirtualFilterChain.doFilter(FilterChainProxy.java:336) ~[spring-security-web-5.6.1.jar:5.6.1]
	at org.springframework.security.web.header.HeaderWriterFilter.doHeadersAfter(HeaderWriterFilter.java:90) ~[spring-security-web-5.6.1.jar:5.6.1]
	at org.springframework.security.web.header.HeaderWriterFilter.doFilterInternal(HeaderWriterFilter.java:75) ~[spring-security-web-5.6.1.jar:5.6.1]
	at org.springframework.web.filter.OncePerRequestFilter.doFilter(OncePerRequestFilter.java:117) ~[spring-web-5.3.15.jar:5.3.15]
	at org.springframework.security.web.FilterChainProxy$VirtualFilterChain.doFilter(FilterChainProxy.java:336) ~[spring-security-web-5.6.1.jar:5.6.1]
	at org.springframework.security.web.context.SecurityContextPersistenceFilter.doFilter(SecurityContextPersistenceFilter.java:110) ~[spring-security-web-5.6.1.jar:5.6.1]
	at org.springframework.security.web.context.SecurityContextPersistenceFilter.doFilter(SecurityContextPersistenceFilter.java:80) ~[spring-security-web-5.6.1.jar:5.6.1]
	at org.springframework.security.web.FilterChainProxy$VirtualFilterChain.doFilter(FilterChainProxy.java:336) ~[spring-security-web-5.6.1.jar:5.6.1]
	at org.springframework.security.web.context.request.async.WebAsyncManagerIntegrationFilter.doFilterInternal(WebAsyncManagerIntegrationFilter.java:55) ~[spring-security-web-5.6.1.jar:5.6.1]
	at org.springframework.web.filter.OncePerRequestFilter.doFilter(OncePerRequestFilter.java:117) ~[spring-web-5.3.15.jar:5.3.15]
	at org.springframework.security.web.FilterChainProxy$VirtualFilterChain.doFilter(FilterChainProxy.java:336) ~[spring-security-web-5.6.1.jar:5.6.1]
	at org.springframework.security.web.FilterChainProxy.doFilterInternal(FilterChainProxy.java:211) ~[spring-security-web-5.6.1.jar:5.6.1]
	at org.springframework.security.web.FilterChainProxy.doFilter(FilterChainProxy.java:183) ~[spring-security-web-5.6.1.jar:5.6.1]
	at org.springframework.web.filter.DelegatingFilterProxy.invokeDelegate(DelegatingFilterProxy.java:354) ~[spring-web-5.3.15.jar:5.3.15]
	at org.springframework.web.filter.DelegatingFilterProxy.doFilter(DelegatingFilterProxy.java:267) ~[spring-web-5.3.15.jar:5.3.15]
	at org.apache.catalina.core.ApplicationFilterChain.internalDoFilter(ApplicationFilterChain.java:189) ~[tomcat-embed-core-9.0.56.jar:9.0.56]
	at org.apache.catalina.core.ApplicationFilterChain.doFilter(ApplicationFilterChain.java:162) ~[tomcat-embed-core-9.0.56.jar:9.0.56]
	at org.springframework.web.filter.RequestContextFilter.doFilterInternal(RequestContextFilter.java:100) ~[spring-web-5.3.15.jar:5.3.15]
	at org.springframework.web.filter.OncePerRequestFilter.doFilter(OncePerRequestFilter.java:117) ~[spring-web-5.3.15.jar:5.3.15]
	at org.apache.catalina.core.ApplicationFilterChain.internalDoFilter(ApplicationFilterChain.java:189) ~[tomcat-embed-core-9.0.56.jar:9.0.56]
	at org.apache.catalina.core.ApplicationFilterChain.doFilter(ApplicationFilterChain.java:162) ~[tomcat-embed-core-9.0.56.jar:9.0.56]
	at org.springframework.web.filter.FormContentFilter.doFilterInternal(FormContentFilter.java:93) ~[spring-web-5.3.15.jar:5.3.15]
	at org.springframework.web.filter.OncePerRequestFilter.doFilter(OncePerRequestFilter.java:117) ~[spring-web-5.3.15.jar:5.3.15]
	at org.apache.catalina.core.ApplicationFilterChain.internalDoFilter(ApplicationFilterChain.java:189) ~[tomcat-embed-core-9.0.56.jar:9.0.56]
	at org.apache.catalina.core.ApplicationFilterChain.doFilter(ApplicationFilterChain.java:162) ~[tomcat-embed-core-9.0.56.jar:9.0.56]
	at org.springframework.cloud.sleuth.instrument.web.servlet.TracingFilter.doFilter(TracingFilter.java:68) ~[spring-cloud-sleuth-instrumentation-3.1.1.jar:3.1.1]
	at org.springframework.cloud.sleuth.autoconfig.instrument.web.TraceWebServletConfiguration$LazyTracingFilter.doFilter(TraceWebServletConfiguration.java:131) ~[spring-cloud-sleuth-autoconfigure-3.1.1.jar:3.1.1]
	at org.apache.catalina.core.ApplicationFilterChain.internalDoFilter(ApplicationFilterChain.java:189) ~[tomcat-embed-core-9.0.56.jar:9.0.56]
	at org.apache.catalina.core.ApplicationFilterChain.doFilter(ApplicationFilterChain.java:162) ~[tomcat-embed-core-9.0.56.jar:9.0.56]
	at org.springframework.boot.actuate.metrics.web.servlet.WebMvcMetricsFilter.doFilterInternal(WebMvcMetricsFilter.java:96) ~[spring-boot-actuator-2.6.3.jar:2.6.3]
	at org.springframework.web.filter.OncePerRequestFilter.doFilter(OncePerRequestFilter.java:117) ~[spring-web-5.3.15.jar:5.3.15]
	at org.apache.catalina.core.ApplicationFilterChain.internalDoFilter(ApplicationFilterChain.java:189) ~[tomcat-embed-core-9.0.56.jar:9.0.56]
	at org.apache.catalina.core.ApplicationFilterChain.doFilter(ApplicationFilterChain.java:162) ~[tomcat-embed-core-9.0.56.jar:9.0.56]
	at org.springframework.web.filter.CharacterEncodingFilter.doFilterInternal(CharacterEncodingFilter.java:201) ~[spring-web-5.3.15.jar:5.3.15]
	at org.springframework.web.filter.OncePerRequestFilter.doFilter(OncePerRequestFilter.java:117) ~[spring-web-5.3.15.jar:5.3.15]
	at org.apache.catalina.core.ApplicationFilterChain.internalDoFilter(ApplicationFilterChain.java:189) ~[tomcat-embed-core-9.0.56.jar:9.0.56]
	at org.apache.catalina.core.ApplicationFilterChain.doFilter(ApplicationFilterChain.java:162) ~[tomcat-embed-core-9.0.56.jar:9.0.56]
	at org.apache.catalina.core.StandardWrapperValve.invoke(StandardWrapperValve.java:197) ~[tomcat-embed-core-9.0.56.jar:9.0.56]
	at org.apache.catalina.core.StandardContextValve.invoke(StandardContextValve.java:97) [tomcat-embed-core-9.0.56.jar:9.0.56]
	at org.apache.catalina.authenticator.AuthenticatorBase.invoke(AuthenticatorBase.java:540) [tomcat-embed-core-9.0.56.jar:9.0.56]
	at org.apache.catalina.core.StandardHostValve.invoke(StandardHostValve.java:135) [tomcat-embed-core-9.0.56.jar:9.0.56]
	at org.apache.catalina.valves.ErrorReportValve.invoke(ErrorReportValve.java:92) [tomcat-embed-core-9.0.56.jar:9.0.56]
	at org.apache.catalina.core.StandardEngineValve.invoke(StandardEngineValve.java:78) [tomcat-embed-core-9.0.56.jar:9.0.56]
	at org.springframework.cloud.sleuth.instrument.web.tomcat.TraceValve.invoke(TraceValve.java:90) [spring-cloud-sleuth-instrumentation-3.1.1.jar:3.1.1]
	at org.apache.catalina.connector.CoyoteAdapter.service(CoyoteAdapter.java:357) [tomcat-embed-core-9.0.56.jar:9.0.56]
	at org.apache.coyote.http11.Http11Processor.service(Http11Processor.java:382) [tomcat-embed-core-9.0.56.jar:9.0.56]
	at org.apache.coyote.AbstractProcessorLight.process(AbstractProcessorLight.java:65) [tomcat-embed-core-9.0.56.jar:9.0.56]
	at org.apache.coyote.AbstractProtocol$ConnectionHandler.process(AbstractProtocol.java:895) [tomcat-embed-core-9.0.56.jar:9.0.56]
	at org.apache.tomcat.util.net.NioEndpoint$SocketProcessor.doRun(NioEndpoint.java:1732) [tomcat-embed-core-9.0.56.jar:9.0.56]
	at org.apache.tomcat.util.net.SocketProcessorBase.run(SocketProcessorBase.java:49) [tomcat-embed-core-9.0.56.jar:9.0.56]
	at org.apache.tomcat.util.threads.ThreadPoolExecutor.runWorker(ThreadPoolExecutor.java:1191) [tomcat-embed-core-9.0.56.jar:9.0.56]
	at org.apache.tomcat.util.threads.ThreadPoolExecutor$Worker.run(ThreadPoolExecutor.java:659) [tomcat-embed-core-9.0.56.jar:9.0.56]
	at org.apache.tomcat.util.threads.TaskThread$WrappingRunnable.run(TaskThread.java:61) [tomcat-embed-core-9.0.56.jar:9.0.56]
	at java.lang.Thread.run(Thread.java:750) [na:1.8.0_333]

2022-10-31 23:25:07.753  INFO [statistic-service,,] 38925 --- [SpringApplicationShutdownHook] o.s.c.n.e.s.EurekaServiceRegistry        : Unregistering application STATISTIC-SERVICE with eureka with status DOWN
2022-10-31 23:25:07.755  INFO [statistic-service,,] 38925 --- [SpringApplicationShutdownHook] com.netflix.discovery.DiscoveryClient    : Saw local status change event StatusChangeEvent [timestamp=1667233507755, current=DOWN, previous=UP]
2022-10-31 23:25:07.755  INFO [statistic-service,,] 38925 --- [DiscoveryClient-InstanceInfoReplicator-0] com.netflix.discovery.DiscoveryClient    : DiscoveryClient_STATISTIC-SERVICE/172.20.10.4:statistic-service:9081: registering service...
2022-10-31 23:25:07.760  INFO [statistic-service,,] 38925 --- [DiscoveryClient-InstanceInfoReplicator-0] com.netflix.discovery.DiscoveryClient    : DiscoveryClient_STATISTIC-SERVICE/172.20.10.4:statistic-service:9081 - registration status: 204
2022-10-31 23:25:07.767  INFO [statistic-service,,] 38925 --- [SpringApplicationShutdownHook] j.LocalContainerEntityManagerFactoryBean : Closing JPA EntityManagerFactory for persistence unit 'default'
2022-10-31 23:25:07.769  INFO [statistic-service,,] 38925 --- [SpringApplicationShutdownHook] com.zaxxer.hikari.HikariDataSource       : HikariPool-1 - Shutdown initiated...
2022-10-31 23:25:07.772  INFO [statistic-service,,] 38925 --- [SpringApplicationShutdownHook] com.zaxxer.hikari.HikariDataSource       : HikariPool-1 - Shutdown completed.
2022-10-31 23:25:07.774  INFO [statistic-service,,] 38925 --- [SpringApplicationShutdownHook] com.netflix.discovery.DiscoveryClient    : Shutting down DiscoveryClient ...
2022-10-31 23:25:10.783  INFO [statistic-service,,] 38925 --- [SpringApplicationShutdownHook] com.netflix.discovery.DiscoveryClient    : Unregistering ...
2022-10-31 23:25:10.791  INFO [statistic-service,,] 38925 --- [SpringApplicationShutdownHook] com.netflix.discovery.DiscoveryClient    : DiscoveryClient_STATISTIC-SERVICE/172.20.10.4:statistic-service:9081 - deregister  status: 200
2022-10-31 23:25:10.796  INFO [statistic-service,,] 38925 --- [SpringApplicationShutdownHook] com.netflix.discovery.DiscoveryClient    : Completed shut down of DiscoveryClient
2022-10-31 23:25:20.042  INFO [statistic-service,,] 39114 --- [main] c.v.s.StatisticServiceApplication        : Starting StatisticServiceApplication using Java 1.8.0_333 on Quanzip.local with PID 39114 (/Users/phamhongquan/IdeaProjects/Micro service app 2/statistic-service/target/classes started by phamhongquan in /Users/phamhongquan/IdeaProjects/Micro service app 2/statistic-service)
2022-10-31 23:25:20.043  INFO [statistic-service,,] 39114 --- [main] c.v.s.StatisticServiceApplication        : No active profile set, falling back to default profiles: default
2022-10-31 23:25:20.059  INFO [statistic-service,,] 39114 --- [main] o.s.b.context.config.ConfigDataLoader    : Fetching config from server at : http://172.20.10.4:9025
2022-10-31 23:25:20.059  INFO [statistic-service,,] 39114 --- [main] o.s.b.context.config.ConfigDataLoader    : Located environment: name=statistic-service, profiles=[default], label=null, version=null, state=null
2022-10-31 23:25:20.520  INFO [statistic-service,,] 39114 --- [main] .s.d.r.c.RepositoryConfigurationDelegate : Bootstrapping Spring Data JPA repositories in DEFAULT mode.
2022-10-31 23:25:20.542  INFO [statistic-service,,] 39114 --- [main] .s.d.r.c.RepositoryConfigurationDelegate : Finished Spring Data repository scanning in 18 ms. Found 1 JPA repository interfaces.
2022-10-31 23:25:20.718  INFO [statistic-service,,] 39114 --- [main] o.s.cloud.context.scope.GenericScope     : BeanFactory id=e11f1f8e-1876-3127-91ab-8c79666e3983
2022-10-31 23:25:20.893  INFO [statistic-service,,] 39114 --- [main] trationDelegate$BeanPostProcessorChecker : Bean 'oauthConfig' of type [com.viettel.statisticservice.security.OauthConfig$$EnhancerBySpringCGLIB$$592907e3] is not eligible for getting processed by all BeanPostProcessors (for example: not eligible for auto-proxying)
2022-10-31 23:25:21.057  INFO [statistic-service,,] 39114 --- [main] o.s.b.w.embedded.tomcat.TomcatWebServer  : Tomcat initialized with port(s): 9081 (http)
2022-10-31 23:25:21.061  INFO [statistic-service,,] 39114 --- [main] o.apache.catalina.core.StandardService   : Starting service [Tomcat]
2022-10-31 23:25:21.061  INFO [statistic-service,,] 39114 --- [main] org.apache.catalina.core.StandardEngine  : Starting Servlet engine: [Apache Tomcat/9.0.56]
2022-10-31 23:25:21.098  INFO [statistic-service,,] 39114 --- [main] o.a.c.c.C.[Tomcat].[localhost].[/]       : Initializing Spring embedded WebApplicationContext
2022-10-31 23:25:21.098  INFO [statistic-service,,] 39114 --- [main] w.s.c.ServletWebServerApplicationContext : Root WebApplicationContext: initialization completed in 1038 ms
2022-10-31 23:25:21.611  INFO [statistic-service,,] 39114 --- [main] o.hibernate.jpa.internal.util.LogHelper  : HHH000204: Processing PersistenceUnitInfo [name: default]
2022-10-31 23:25:21.629  INFO [statistic-service,,] 39114 --- [main] org.hibernate.Version                    : HHH000412: Hibernate ORM core version 5.6.4.Final
2022-10-31 23:25:21.676  INFO [statistic-service,,] 39114 --- [main] o.hibernate.annotations.common.Version   : HCANN000001: Hibernate Commons Annotations {5.1.2.Final}
2022-10-31 23:25:21.707  INFO [statistic-service,,] 39114 --- [main] com.zaxxer.hikari.HikariDataSource       : HikariPool-1 - Starting...
2022-10-31 23:25:21.776  INFO [statistic-service,,] 39114 --- [main] com.zaxxer.hikari.HikariDataSource       : HikariPool-1 - Start completed.
2022-10-31 23:25:21.781  INFO [statistic-service,,] 39114 --- [main] org.hibernate.dialect.Dialect            : HHH000400: Using dialect: org.hibernate.dialect.MySQL5InnoDBDialect
2022-10-31 23:25:22.000  INFO [statistic-service,,] 39114 --- [main] o.h.e.t.j.p.i.JtaPlatformInitiator       : HHH000490: Using JtaPlatform implementation: [org.hibernate.engine.transaction.jta.platform.internal.NoJtaPlatform]
2022-10-31 23:25:22.006  INFO [statistic-service,,] 39114 --- [main] j.LocalContainerEntityManagerFactoryBean : Initialized JPA EntityManagerFactory for persistence unit 'default'
2022-10-31 23:25:22.369  WARN [statistic-service,,] 39114 --- [main] JpaBaseConfiguration$JpaWebConfiguration : spring.jpa.open-in-view is enabled by default. Therefore, database queries may be performed during view rendering. Explicitly configure spring.jpa.open-in-view to disable this warning
2022-10-31 23:25:23.098  INFO [statistic-service,,] 39114 --- [main] .s.s.UserDetailsServiceAutoConfiguration : 

Using generated security password: 0b6ed98d-9b77-4afc-8cfc-9d89f0f392f2

2022-10-31 23:25:23.186  INFO [statistic-service,,] 39114 --- [main] o.s.s.web.DefaultSecurityFilterChain     : Will secure any request with [org.springframework.security.web.context.request.async.WebAsyncManagerIntegrationFilter@7136ad9a, org.springframework.security.web.context.SecurityContextPersistenceFilter@682482ee, org.springframework.security.web.header.HeaderWriterFilter@9fd5dd0, org.springframework.security.web.authentication.logout.LogoutFilter@44c54463, org.springframework.security.oauth2.provider.authentication.OAuth2AuthenticationProcessingFilter@2ca464bb, org.springframework.security.web.savedrequest.RequestCacheAwareFilter@24d7c365, org.springframework.security.web.servletapi.SecurityContextHolderAwareRequestFilter@701da311, org.springframework.security.web.authentication.AnonymousAuthenticationFilter@4fb42efa, org.springframework.security.web.session.SessionManagementFilter@6662974a, org.springframework.security.web.access.ExceptionTranslationFilter@23b3afb4, org.springframework.security.web.access.intercept.FilterSecurityInterceptor@796a7c9]
2022-10-31 23:25:23.220  INFO [statistic-service,,] 39114 --- [main] DiscoveryClientOptionalArgsConfiguration : Eureka HTTP Client uses RestTemplate.
2022-10-31 23:25:23.310  WARN [statistic-service,,] 39114 --- [main] iguration$LoadBalancerCaffeineWarnLogger : Spring Cloud LoadBalancer is currently working with the default cache. While this cache implementation is useful for development and tests, it's recommended to use Caffeine cache in production.You can switch to using Caffeine cache, by adding it and org.springframework.cache.caffeine.CaffeineCacheManager to the classpath.
2022-10-31 23:25:23.365  INFO [statistic-service,,] 39114 --- [main] o.s.b.a.e.web.EndpointLinksResolver      : Exposing 18 endpoint(s) beneath base path '/actuator'
2022-10-31 23:25:23.449  INFO [statistic-service,,] 39114 --- [main] o.s.c.n.eureka.InstanceInfoFactory       : Setting initial instance status as: STARTING
2022-10-31 23:25:23.464  INFO [statistic-service,,] 39114 --- [main] com.netflix.discovery.DiscoveryClient    : Initializing Eureka in region us-east-1
2022-10-31 23:25:23.466  INFO [statistic-service,,] 39114 --- [main] c.n.d.s.r.aws.ConfigClusterResolver      : Resolving eureka endpoints via configuration
2022-10-31 23:25:23.475  INFO [statistic-service,,] 39114 --- [main] com.netflix.discovery.DiscoveryClient    : Disable delta property : false
2022-10-31 23:25:23.475  INFO [statistic-service,,] 39114 --- [main] com.netflix.discovery.DiscoveryClient    : Single vip registry refresh property : null
2022-10-31 23:25:23.475  INFO [statistic-service,,] 39114 --- [main] com.netflix.discovery.DiscoveryClient    : Force full registry fetch : false
2022-10-31 23:25:23.475  INFO [statistic-service,,] 39114 --- [main] com.netflix.discovery.DiscoveryClient    : Application is null : false
2022-10-31 23:25:23.475  INFO [statistic-service,,] 39114 --- [main] com.netflix.discovery.DiscoveryClient    : Registered Applications size is zero : true
2022-10-31 23:25:23.475  INFO [statistic-service,,] 39114 --- [main] com.netflix.discovery.DiscoveryClient    : Application version is -1: true
2022-10-31 23:25:23.475  INFO [statistic-service,,] 39114 --- [main] com.netflix.discovery.DiscoveryClient    : Getting all instance registry info from the eureka server
2022-10-31 23:25:23.596  INFO [statistic-service,,] 39114 --- [main] com.netflix.discovery.DiscoveryClient    : The response status is 200
2022-10-31 23:25:23.598  INFO [statistic-service,,] 39114 --- [main] com.netflix.discovery.DiscoveryClient    : Starting heartbeat executor: renew interval is: 30
2022-10-31 23:25:23.599  INFO [statistic-service,,] 39114 --- [main] c.n.discovery.InstanceInfoReplicator     : InstanceInfoReplicator onDemand update allowed rate per min is 4
2022-10-31 23:25:23.601  INFO [statistic-service,,] 39114 --- [main] com.netflix.discovery.DiscoveryClient    : Discovery Client initialized at timestamp 1667233523601 with initial instances count: 6
2022-10-31 23:25:23.609  INFO [statistic-service,,] 39114 --- [main] o.s.c.n.e.s.EurekaServiceRegistry        : Registering application STATISTIC-SERVICE with eureka with status UP
2022-10-31 23:25:23.609  INFO [statistic-service,,] 39114 --- [main] com.netflix.discovery.DiscoveryClient    : Saw local status change event StatusChangeEvent [timestamp=1667233523609, current=UP, previous=STARTING]
2022-10-31 23:25:23.610  INFO [statistic-service,,] 39114 --- [DiscoveryClient-InstanceInfoReplicator-0] com.netflix.discovery.DiscoveryClient    : DiscoveryClient_STATISTIC-SERVICE/172.20.10.4:statistic-service:9081: registering service...
2022-10-31 23:25:23.623  INFO [statistic-service,,] 39114 --- [main] o.s.b.w.embedded.tomcat.TomcatWebServer  : Tomcat started on port(s): 9081 (http) with context path ''
2022-10-31 23:25:23.623  INFO [statistic-service,,] 39114 --- [main] .s.c.n.e.s.EurekaAutoServiceRegistration : Updating port to 9081
2022-10-31 23:25:23.634  INFO [statistic-service,,] 39114 --- [DiscoveryClient-InstanceInfoReplicator-0] com.netflix.discovery.DiscoveryClient    : DiscoveryClient_STATISTIC-SERVICE/172.20.10.4:statistic-service:9081 - registration status: 204
2022-10-31 23:25:23.641  INFO [statistic-service,,] 39114 --- [main] c.v.s.StatisticServiceApplication        : Started StatisticServiceApplication in 4.399 seconds (JVM running for 4.891)
2022-10-31 23:25:23.644  INFO [statistic-service,,] 39114 --- [main] c.v.s.StatisticServiceApplication        : 

		----------------------------------------------------------------------------------
					Application statistic-service is running on port 9081
					Access: http://localhost:9081/sw
		----------------------------------------------------------------------------------

2022-10-31 23:25:24.062  INFO [statistic-service,,] 39114 --- [RMI TCP Connection(3)-127.0.0.1] o.a.c.c.C.[Tomcat].[localhost].[/]       : Initializing Spring DispatcherServlet 'dispatcherServlet'
2022-10-31 23:25:24.062  INFO [statistic-service,,] 39114 --- [RMI TCP Connection(3)-127.0.0.1] o.s.web.servlet.DispatcherServlet        : Initializing Servlet 'dispatcherServlet'
2022-10-31 23:25:24.064  INFO [statistic-service,,] 39114 --- [RMI TCP Connection(3)-127.0.0.1] o.s.web.servlet.DispatcherServlet        : Completed initialization in 2 ms
2022-10-31 23:28:17.869  INFO [statistic-service,,] 39114 --- [SpringApplicationShutdownHook] o.s.c.n.e.s.EurekaServiceRegistry        : Unregistering application STATISTIC-SERVICE with eureka with status DOWN
2022-10-31 23:28:17.870  INFO [statistic-service,,] 39114 --- [SpringApplicationShutdownHook] com.netflix.discovery.DiscoveryClient    : Saw local status change event StatusChangeEvent [timestamp=1667233697870, current=DOWN, previous=UP]
2022-10-31 23:28:17.870  INFO [statistic-service,,] 39114 --- [DiscoveryClient-InstanceInfoReplicator-0] com.netflix.discovery.DiscoveryClient    : DiscoveryClient_STATISTIC-SERVICE/172.20.10.4:statistic-service:9081: registering service...
2022-10-31 23:28:17.874  INFO [statistic-service,,] 39114 --- [DiscoveryClient-InstanceInfoReplicator-0] com.netflix.discovery.DiscoveryClient    : DiscoveryClient_STATISTIC-SERVICE/172.20.10.4:statistic-service:9081 - registration status: 204
2022-10-31 23:28:17.880  INFO [statistic-service,,] 39114 --- [SpringApplicationShutdownHook] j.LocalContainerEntityManagerFactoryBean : Closing JPA EntityManagerFactory for persistence unit 'default'
2022-10-31 23:28:17.882  INFO [statistic-service,,] 39114 --- [SpringApplicationShutdownHook] com.zaxxer.hikari.HikariDataSource       : HikariPool-1 - Shutdown initiated...
2022-10-31 23:28:17.884  INFO [statistic-service,,] 39114 --- [SpringApplicationShutdownHook] com.zaxxer.hikari.HikariDataSource       : HikariPool-1 - Shutdown completed.
2022-10-31 23:28:17.886  INFO [statistic-service,,] 39114 --- [SpringApplicationShutdownHook] com.netflix.discovery.DiscoveryClient    : Shutting down DiscoveryClient ...
2022-10-31 23:28:20.895  INFO [statistic-service,,] 39114 --- [SpringApplicationShutdownHook] com.netflix.discovery.DiscoveryClient    : Unregistering ...
2022-10-31 23:28:20.903  INFO [statistic-service,,] 39114 --- [SpringApplicationShutdownHook] com.netflix.discovery.DiscoveryClient    : DiscoveryClient_STATISTIC-SERVICE/172.20.10.4:statistic-service:9081 - deregister  status: 200
2022-10-31 23:28:20.908  INFO [statistic-service,,] 39114 --- [SpringApplicationShutdownHook] com.netflix.discovery.DiscoveryClient    : Completed shut down of DiscoveryClient
2022-10-31 23:28:25.277  INFO [statistic-service,,] 39287 --- [main] c.v.s.StatisticServiceApplication        : Starting StatisticServiceApplication using Java 1.8.0_333 on Quanzip.local with PID 39287 (/Users/phamhongquan/IdeaProjects/Micro service app 2/statistic-service/target/classes started by phamhongquan in /Users/phamhongquan/IdeaProjects/Micro service app 2/statistic-service)
2022-10-31 23:28:25.278  INFO [statistic-service,,] 39287 --- [main] c.v.s.StatisticServiceApplication        : No active profile set, falling back to default profiles: default
2022-10-31 23:28:25.292  INFO [statistic-service,,] 39287 --- [main] o.s.b.context.config.ConfigDataLoader    : Fetching config from server at : http://172.20.10.4:9025
2022-10-31 23:28:25.292  INFO [statistic-service,,] 39287 --- [main] o.s.b.context.config.ConfigDataLoader    : Located environment: name=statistic-service, profiles=[default], label=null, version=null, state=null
2022-10-31 23:28:25.748  INFO [statistic-service,,] 39287 --- [main] .s.d.r.c.RepositoryConfigurationDelegate : Bootstrapping Spring Data JPA repositories in DEFAULT mode.
2022-10-31 23:28:25.769  INFO [statistic-service,,] 39287 --- [main] .s.d.r.c.RepositoryConfigurationDelegate : Finished Spring Data repository scanning in 18 ms. Found 1 JPA repository interfaces.
2022-10-31 23:28:25.945  INFO [statistic-service,,] 39287 --- [main] o.s.cloud.context.scope.GenericScope     : BeanFactory id=e11f1f8e-1876-3127-91ab-8c79666e3983
2022-10-31 23:28:26.121  INFO [statistic-service,,] 39287 --- [main] trationDelegate$BeanPostProcessorChecker : Bean 'oauthConfig' of type [com.viettel.statisticservice.security.OauthConfig$$EnhancerBySpringCGLIB$$592907e3] is not eligible for getting processed by all BeanPostProcessors (for example: not eligible for auto-proxying)
2022-10-31 23:28:26.288  INFO [statistic-service,,] 39287 --- [main] o.s.b.w.embedded.tomcat.TomcatWebServer  : Tomcat initialized with port(s): 9081 (http)
2022-10-31 23:28:26.291  INFO [statistic-service,,] 39287 --- [main] o.apache.catalina.core.StandardService   : Starting service [Tomcat]
2022-10-31 23:28:26.292  INFO [statistic-service,,] 39287 --- [main] org.apache.catalina.core.StandardEngine  : Starting Servlet engine: [Apache Tomcat/9.0.56]
2022-10-31 23:28:26.330  INFO [statistic-service,,] 39287 --- [main] o.a.c.c.C.[Tomcat].[localhost].[/]       : Initializing Spring embedded WebApplicationContext
2022-10-31 23:28:26.331  INFO [statistic-service,,] 39287 --- [main] w.s.c.ServletWebServerApplicationContext : Root WebApplicationContext: initialization completed in 1038 ms
2022-10-31 23:28:26.841  INFO [statistic-service,,] 39287 --- [main] o.hibernate.jpa.internal.util.LogHelper  : HHH000204: Processing PersistenceUnitInfo [name: default]
2022-10-31 23:28:26.857  INFO [statistic-service,,] 39287 --- [main] org.hibernate.Version                    : HHH000412: Hibernate ORM core version 5.6.4.Final
2022-10-31 23:28:26.903  INFO [statistic-service,,] 39287 --- [main] o.hibernate.annotations.common.Version   : HCANN000001: Hibernate Commons Annotations {5.1.2.Final}
2022-10-31 23:28:26.935  INFO [statistic-service,,] 39287 --- [main] com.zaxxer.hikari.HikariDataSource       : HikariPool-1 - Starting...
2022-10-31 23:28:27.004  INFO [statistic-service,,] 39287 --- [main] com.zaxxer.hikari.HikariDataSource       : HikariPool-1 - Start completed.
2022-10-31 23:28:27.010  INFO [statistic-service,,] 39287 --- [main] org.hibernate.dialect.Dialect            : HHH000400: Using dialect: org.hibernate.dialect.MySQL5InnoDBDialect
2022-10-31 23:28:27.225  INFO [statistic-service,,] 39287 --- [main] o.h.e.t.j.p.i.JtaPlatformInitiator       : HHH000490: Using JtaPlatform implementation: [org.hibernate.engine.transaction.jta.platform.internal.NoJtaPlatform]
2022-10-31 23:28:27.230  INFO [statistic-service,,] 39287 --- [main] j.LocalContainerEntityManagerFactoryBean : Initialized JPA EntityManagerFactory for persistence unit 'default'
2022-10-31 23:28:27.590  WARN [statistic-service,,] 39287 --- [main] JpaBaseConfiguration$JpaWebConfiguration : spring.jpa.open-in-view is enabled by default. Therefore, database queries may be performed during view rendering. Explicitly configure spring.jpa.open-in-view to disable this warning
2022-10-31 23:28:28.321  INFO [statistic-service,,] 39287 --- [main] .s.s.UserDetailsServiceAutoConfiguration : 

Using generated security password: bbed89d8-cd9c-4c56-95f5-ea5248e65308

2022-10-31 23:28:28.411  INFO [statistic-service,,] 39287 --- [main] o.s.s.web.DefaultSecurityFilterChain     : Will secure any request with [org.springframework.security.web.context.request.async.WebAsyncManagerIntegrationFilter@7136ad9a, org.springframework.security.web.context.SecurityContextPersistenceFilter@682482ee, org.springframework.security.web.header.HeaderWriterFilter@9fd5dd0, org.springframework.security.web.authentication.logout.LogoutFilter@44c54463, org.springframework.security.oauth2.provider.authentication.OAuth2AuthenticationProcessingFilter@2ca464bb, org.springframework.security.web.savedrequest.RequestCacheAwareFilter@24d7c365, org.springframework.security.web.servletapi.SecurityContextHolderAwareRequestFilter@701da311, org.springframework.security.web.authentication.AnonymousAuthenticationFilter@4fb42efa, org.springframework.security.web.session.SessionManagementFilter@6662974a, org.springframework.security.web.access.ExceptionTranslationFilter@23b3afb4, org.springframework.security.web.access.intercept.FilterSecurityInterceptor@796a7c9]
2022-10-31 23:28:28.446  INFO [statistic-service,,] 39287 --- [main] DiscoveryClientOptionalArgsConfiguration : Eureka HTTP Client uses RestTemplate.
2022-10-31 23:28:28.544  WARN [statistic-service,,] 39287 --- [main] iguration$LoadBalancerCaffeineWarnLogger : Spring Cloud LoadBalancer is currently working with the default cache. While this cache implementation is useful for development and tests, it's recommended to use Caffeine cache in production.You can switch to using Caffeine cache, by adding it and org.springframework.cache.caffeine.CaffeineCacheManager to the classpath.
2022-10-31 23:28:28.601  INFO [statistic-service,,] 39287 --- [main] o.s.b.a.e.web.EndpointLinksResolver      : Exposing 18 endpoint(s) beneath base path '/actuator'
2022-10-31 23:28:28.683  INFO [statistic-service,,] 39287 --- [main] o.s.c.n.eureka.InstanceInfoFactory       : Setting initial instance status as: STARTING
2022-10-31 23:28:28.701  INFO [statistic-service,,] 39287 --- [main] com.netflix.discovery.DiscoveryClient    : Initializing Eureka in region us-east-1
2022-10-31 23:28:28.703  INFO [statistic-service,,] 39287 --- [main] c.n.d.s.r.aws.ConfigClusterResolver      : Resolving eureka endpoints via configuration
2022-10-31 23:28:28.712  INFO [statistic-service,,] 39287 --- [main] com.netflix.discovery.DiscoveryClient    : Disable delta property : false
2022-10-31 23:28:28.712  INFO [statistic-service,,] 39287 --- [main] com.netflix.discovery.DiscoveryClient    : Single vip registry refresh property : null
2022-10-31 23:28:28.712  INFO [statistic-service,,] 39287 --- [main] com.netflix.discovery.DiscoveryClient    : Force full registry fetch : false
2022-10-31 23:28:28.713  INFO [statistic-service,,] 39287 --- [main] com.netflix.discovery.DiscoveryClient    : Application is null : false
2022-10-31 23:28:28.713  INFO [statistic-service,,] 39287 --- [main] com.netflix.discovery.DiscoveryClient    : Registered Applications size is zero : true
2022-10-31 23:28:28.713  INFO [statistic-service,,] 39287 --- [main] com.netflix.discovery.DiscoveryClient    : Application version is -1: true
2022-10-31 23:28:28.713  INFO [statistic-service,,] 39287 --- [main] com.netflix.discovery.DiscoveryClient    : Getting all instance registry info from the eureka server
2022-10-31 23:28:28.832  INFO [statistic-service,,] 39287 --- [main] com.netflix.discovery.DiscoveryClient    : The response status is 200
2022-10-31 23:28:28.834  INFO [statistic-service,,] 39287 --- [main] com.netflix.discovery.DiscoveryClient    : Starting heartbeat executor: renew interval is: 30
2022-10-31 23:28:28.835  INFO [statistic-service,,] 39287 --- [main] c.n.discovery.InstanceInfoReplicator     : InstanceInfoReplicator onDemand update allowed rate per min is 4
2022-10-31 23:28:28.837  INFO [statistic-service,,] 39287 --- [main] com.netflix.discovery.DiscoveryClient    : Discovery Client initialized at timestamp 1667233708837 with initial instances count: 6
2022-10-31 23:28:28.844  INFO [statistic-service,,] 39287 --- [main] o.s.c.n.e.s.EurekaServiceRegistry        : Registering application STATISTIC-SERVICE with eureka with status UP
2022-10-31 23:28:28.845  INFO [statistic-service,,] 39287 --- [main] com.netflix.discovery.DiscoveryClient    : Saw local status change event StatusChangeEvent [timestamp=1667233708845, current=UP, previous=STARTING]
2022-10-31 23:28:28.846  INFO [statistic-service,,] 39287 --- [DiscoveryClient-InstanceInfoReplicator-0] com.netflix.discovery.DiscoveryClient    : DiscoveryClient_STATISTIC-SERVICE/172.20.10.4:statistic-service:9081: registering service...
2022-10-31 23:28:28.859  INFO [statistic-service,,] 39287 --- [main] o.s.b.w.embedded.tomcat.TomcatWebServer  : Tomcat started on port(s): 9081 (http) with context path ''
2022-10-31 23:28:28.859  INFO [statistic-service,,] 39287 --- [main] .s.c.n.e.s.EurekaAutoServiceRegistration : Updating port to 9081
2022-10-31 23:28:28.870  INFO [statistic-service,,] 39287 --- [DiscoveryClient-InstanceInfoReplicator-0] com.netflix.discovery.DiscoveryClient    : DiscoveryClient_STATISTIC-SERVICE/172.20.10.4:statistic-service:9081 - registration status: 204
2022-10-31 23:28:28.876  INFO [statistic-service,,] 39287 --- [main] c.v.s.StatisticServiceApplication        : Started StatisticServiceApplication in 4.325 seconds (JVM running for 4.769)
2022-10-31 23:28:28.880  INFO [statistic-service,,] 39287 --- [main] c.v.s.StatisticServiceApplication        : 

		----------------------------------------------------------------------------------
					Application statistic-service is running on port 9081
					Access: http://localhost:9081/sw
		----------------------------------------------------------------------------------

2022-10-31 23:28:28.991  INFO [statistic-service,,] 39287 --- [RMI TCP Connection(2)-127.0.0.1] o.a.c.c.C.[Tomcat].[localhost].[/]       : Initializing Spring DispatcherServlet 'dispatcherServlet'
2022-10-31 23:28:28.992  INFO [statistic-service,,] 39287 --- [RMI TCP Connection(2)-127.0.0.1] o.s.web.servlet.DispatcherServlet        : Initializing Servlet 'dispatcherServlet'
2022-10-31 23:28:28.993  INFO [statistic-service,,] 39287 --- [RMI TCP Connection(2)-127.0.0.1] o.s.web.servlet.DispatcherServlet        : Completed initialization in 1 ms
